<?xml version="1.0" encoding="UTF-8"?>
<!-- Generated by org.testng.reporters.JUnitReportReporter -->
<testsuite hostname="DESKTOP-OHIVRM9" failures="0" tests="1" name="tests.LoginTest" time="3.380" errors="0" timestamp="2025-05-27T20:23:51 CST" skipped="0">
  <testcase classname="tests.LoginTest" name="testValidLogin" time="3.380"/>
</testsuite> <!-- tests.LoginTest -->
