<?xml version="1.0" encoding="UTF-8"?>
<!-- Generated by org.testng.reporters.JUnitReportReporter -->
<testsuite hostname="DESKTOP-OHIVRM9" failures="0" tests="1" name="tests.LoginTest" time="5.893" errors="0" timestamp="2025-06-11T15:06:04 CST" skipped="0">
  <testcase classname="tests.LoginTest" name="testValidLogin" time="5.893"/>
</testsuite> <!-- tests.LoginTest -->
